[debug] [2025-01-24T11:39:28.121Z] ----------------------------------------------------------------------
[debug] [2025-01-24T11:39:28.124Z] Command:       C:\Program Files\nodejs\node.exe C:\Users\S Bashir\AppData\Roaming\npm\node_modules\firebase-tools\lib\bin\firebase.js init
[debug] [2025-01-24T11:39:28.125Z] CLI Version:   13.29.2
[debug] [2025-01-24T11:39:28.125Z] Platform:      win32
[debug] [2025-01-24T11:39:28.125Z] Node Version:  v22.13.0
[debug] [2025-01-24T11:39:28.125Z] Time:          Fri Jan 24 2025 17:09:28 GMT+0530 (India Standard Time)
[debug] [2025-01-24T11:39:28.125Z] ----------------------------------------------------------------------
[debug] 
[debug] [2025-01-24T11:39:28.129Z] >>> [apiv2][query] GET https://firebase-public.firebaseio.com/cli.json [none]
[debug] [2025-01-24T11:39:28.384Z] > command requires scopes: ["email","openid","https://www.googleapis.com/auth/cloudplatformprojects.readonly","https://www.googleapis.com/auth/firebase","https://www.googleapis.com/auth/cloud-platform"]
[debug] [2025-01-24T11:39:28.384Z] > authorizing via signed-in user (math.nic.in@gmail.com)
[info] 
     ######## #### ########  ######## ########     ###     ######  ########
     ##        ##  ##     ## ##       ##     ##  ##   ##  ##       ##
     ######    ##  ########  ######   ########  #########  ######  ######
     ##        ##  ##    ##  ##       ##     ## ##     ##       ## ##
     ##       #### ##     ## ######## ########  ##     ##  ######  ########

You're about to initialize a Firebase project in this directory:

  C:\Users\S Bashir\Desktop\phishing

Before we get started, keep in mind:

  * You are initializing within an existing Firebase project directory

[debug] [2025-01-24T11:39:29.175Z] <<< [apiv2][status] GET https://firebase-public.firebaseio.com/cli.json 200
[debug] [2025-01-24T11:39:29.175Z] <<< [apiv2][body] GET https://firebase-public.firebaseio.com/cli.json {"cloudBuildErrorAfter":1594252800000,"cloudBuildWarnAfter":1590019200000,"defaultNode10After":1594252800000,"minVersion":"3.0.5","node8DeploysDisabledAfter":1613390400000,"node8RuntimeDisabledAfter":1615809600000,"node8WarnAfter":1600128000000}
[info] 
=== Project Setup
[info] 
[info] First, let's associate this project directory with a Firebase project.
[info] You can create multiple project aliases by running firebase use --add, 
[info] but for now we'll just set up a default project.
[info] 
[debug] [2025-01-24T11:39:45.829Z] Using project from CLI flag: bcnext-1dbe4
[debug] [2025-01-24T11:39:45.830Z] Checked if tokens are valid: false, expires at: 1737633931114
[debug] [2025-01-24T11:39:45.830Z] Checked if tokens are valid: false, expires at: 1737633931114
[debug] [2025-01-24T11:39:45.830Z] > refreshing access token with scopes: []
[debug] [2025-01-24T11:39:45.831Z] >>> [apiv2][query] POST https://www.googleapis.com/oauth2/v3/token [none]
[debug] [2025-01-24T11:39:45.831Z] >>> [apiv2][body] POST https://www.googleapis.com/oauth2/v3/token [omitted]
[debug] [2025-01-24T11:39:46.167Z] <<< [apiv2][status] POST https://www.googleapis.com/oauth2/v3/token 200
[debug] [2025-01-24T11:39:46.167Z] <<< [apiv2][body] POST https://www.googleapis.com/oauth2/v3/token [omitted]
[debug] [2025-01-24T11:39:46.175Z] >>> [apiv2][query] GET https://firebase.googleapis.com/v1beta1/projects/bcnext-1dbe4 [none]
[debug] [2025-01-24T11:39:46.776Z] <<< [apiv2][status] GET https://firebase.googleapis.com/v1beta1/projects/bcnext-1dbe4 200
[debug] [2025-01-24T11:39:46.776Z] <<< [apiv2][body] GET https://firebase.googleapis.com/v1beta1/projects/bcnext-1dbe4 {"projectId":"bcnext-1dbe4","projectNumber":"421146080452","displayName":"bcNext","name":"projects/bcnext-1dbe4","resources":{"hostingSite":"bcnext-1dbe4"},"state":"ACTIVE","etag":"1_db46c21a-690a-4298-84fa-f9907e6e7b8b"}
[info] i  Using project bcnext-1dbe4 (bcNext) 
[info] 
=== Hosting Setup
[debug] [2025-01-24T11:39:46.782Z] Checked if tokens are valid: true, expires at: 1737722385168
[debug] [2025-01-24T11:39:46.782Z] Checked if tokens are valid: true, expires at: 1737722385168
[debug] [2025-01-24T11:39:46.782Z] >>> [apiv2][query] GET https://firebase.googleapis.com/v1beta1/projects/bcnext-1dbe4 [none]
[debug] [2025-01-24T11:39:47.129Z] <<< [apiv2][status] GET https://firebase.googleapis.com/v1beta1/projects/bcnext-1dbe4 200
[debug] [2025-01-24T11:39:47.130Z] <<< [apiv2][body] GET https://firebase.googleapis.com/v1beta1/projects/bcnext-1dbe4 {"projectId":"bcnext-1dbe4","projectNumber":"421146080452","displayName":"bcNext","name":"projects/bcnext-1dbe4","resources":{"hostingSite":"bcnext-1dbe4"},"state":"ACTIVE","etag":"1_db46c21a-690a-4298-84fa-f9907e6e7b8b"}
[info] 
[info] Your public directory is the folder (relative to your project directory) that
[info] will contain Hosting assets to be uploaded with firebase deploy. If you
[info] have a build process for your assets, use your build's output directory.
[info] 
[info] i  public/404.html is unchanged 
[debug] [2025-01-24T11:40:59.945Z] >>> [apiv2][query] GET https://www.gstatic.com/firebasejs/releases.json [none]
[debug] [2025-01-24T11:41:00.450Z] <<< [apiv2][status] GET https://www.gstatic.com/firebasejs/releases.json 200
[debug] [2025-01-24T11:41:00.450Z] <<< [apiv2][body] GET https://www.gstatic.com/firebasejs/releases.json {"current":{"version":"11.2.0","browserURL":"https://www.gstatic.com/firebasejs/11.2.0/firebase.js","packageURL":"https://www.gstatic.com/firebasejs/11.2.0/firebase.tgz"},"live":{"version":"11.2","browserURL":"https://www.gstatic.com/firebasejs/live/11.2/firebase.js","packageURL":"https://www.gstatic.com/firebasejs/live/11.2/firebase.tgz"},"components":{"analytics":"https://www.gstatic.com/firebasejs/11.2.0/firebase-analytics.js","app":"https://www.gstatic.com/firebasejs/11.2.0/firebase-app.js","app-check":"https://www.gstatic.com/firebasejs/11.2.0/firebase-app-check.js","auth":"https://www.gstatic.com/firebasejs/11.2.0/firebase-auth.js","auth/cordova":"https://www.gstatic.com/firebasejs/11.2.0/firebase-auth/cordova.js","auth/web-extension":"https://www.gstatic.com/firebasejs/11.2.0/firebase-auth/web-extension.js","functions":"https://www.gstatic.com/firebasejs/11.2.0/firebase-functions.js","firestore":"https://www.gstatic.com/firebasejs/11.2.0/firebase-firestore.js","firestore/lite":"https://www.gstatic.com/firebasejs/11.2.0/firebase-firestore/lite.js","installations":"https://www.gstatic.com/firebasejs/11.2.0/firebase-installations.js","storage":"https://www.gstatic.com/firebasejs/11.2.0/firebase-storage.js","performance":"https://www.gstatic.com/firebasejs/11.2.0/firebase-performance.js","remote-config":"https://www.gstatic.com/firebasejs/11.2.0/firebase-remote-config.js","messaging":"https://www.gstatic.com/firebasejs/11.2.0/firebase-messaging.js","messaging/sw":"https://www.gstatic.com/firebasejs/11.2.0/firebase-messaging/sw.js","database":"https://www.gstatic.com/firebasejs/11.2.0/firebase-database.js","vertexai":"https://www.gstatic.com/firebasejs/11.2.0/firebase-vertexai.js","data-connect":"https://www.gstatic.com/firebasejs/11.2.0/firebase-data-connect.js","firestore.memory":"https://www.gstatic.com/firebasejs/11.2.0/firebase-firestore.memory.js"}}
[info] i  Skipping write of public/index.html 
[info] 
[info] i  Writing configuration info to firebase.json... 
[info] i  Writing project information to .firebaserc... 
[info] 
[info] +  Firebase initialization complete! 
